2020-04-19 01:35:53 DEBUG AnnotationConfigApplicationContext:594 - Refreshing org.springframework.context.annotation.AnnotationConfigApplicationContext@504bae78
2020-04-19 01:35:53 DEBUG DefaultListableBeanFactory:213 - Creating shared instance of singleton bean 'org.springframework.context.annotation.internalConfigurationAnnotationProcessor'
2020-04-19 01:35:53 DEBUG ClassPathBeanDefinitionScanner:437 - Identified candidate component class: file [H:\1_capgemin\labbbook solutions\spring_mvc_rest\Employee_details 1.4\Employee_details 1.4\target\classes\com\capg\dao\EmployeeDaoImpl.class]
2020-04-19 01:35:53 DEBUG ClassPathBeanDefinitionScanner:437 - Identified candidate component class: file [H:\1_capgemin\labbbook solutions\spring_mvc_rest\Employee_details 1.4\Employee_details 1.4\target\classes\com\capg\service\EmployeeServiceImpl.class]
2020-04-19 01:35:53 DEBUG DefaultListableBeanFactory:213 - Creating shared instance of singleton bean 'org.springframework.context.event.internalEventListenerProcessor'
2020-04-19 01:35:53 DEBUG DefaultListableBeanFactory:213 - Creating shared instance of singleton bean 'org.springframework.context.event.internalEventListenerFactory'
2020-04-19 01:35:53 DEBUG DefaultListableBeanFactory:213 - Creating shared instance of singleton bean 'org.springframework.context.annotation.internalAutowiredAnnotationProcessor'
2020-04-19 01:35:53 DEBUG DefaultListableBeanFactory:213 - Creating shared instance of singleton bean 'org.springframework.context.annotation.internalCommonAnnotationProcessor'
2020-04-19 01:35:53 DEBUG DefaultListableBeanFactory:213 - Creating shared instance of singleton bean 'javaConfig'
2020-04-19 01:35:53 DEBUG DefaultListableBeanFactory:213 - Creating shared instance of singleton bean 'employeeDaoImpl'
2020-04-19 01:35:53 DEBUG DefaultListableBeanFactory:213 - Creating shared instance of singleton bean 'employeeServiceImpl'
2020-04-19 01:36:33 DEBUG AnnotationConfigApplicationContext:594 - Refreshing org.springframework.context.annotation.AnnotationConfigApplicationContext@504bae78
2020-04-19 01:36:33 DEBUG DefaultListableBeanFactory:213 - Creating shared instance of singleton bean 'org.springframework.context.annotation.internalConfigurationAnnotationProcessor'
2020-04-19 01:36:33 DEBUG ClassPathBeanDefinitionScanner:437 - Identified candidate component class: file [H:\1_capgemin\labbbook solutions\spring_mvc_rest\Employee_details 1.4\Employee_details 1.4\target\classes\com\capg\dao\EmployeeDaoImpl.class]
2020-04-19 01:36:33 DEBUG ClassPathBeanDefinitionScanner:437 - Identified candidate component class: file [H:\1_capgemin\labbbook solutions\spring_mvc_rest\Employee_details 1.4\Employee_details 1.4\target\classes\com\capg\service\EmployeeServiceImpl.class]
2020-04-19 01:36:33 DEBUG DefaultListableBeanFactory:213 - Creating shared instance of singleton bean 'org.springframework.context.event.internalEventListenerProcessor'
2020-04-19 01:36:33 DEBUG DefaultListableBeanFactory:213 - Creating shared instance of singleton bean 'org.springframework.context.event.internalEventListenerFactory'
2020-04-19 01:36:33 DEBUG DefaultListableBeanFactory:213 - Creating shared instance of singleton bean 'org.springframework.context.annotation.internalAutowiredAnnotationProcessor'
2020-04-19 01:36:33 DEBUG DefaultListableBeanFactory:213 - Creating shared instance of singleton bean 'org.springframework.context.annotation.internalCommonAnnotationProcessor'
2020-04-19 01:36:33 DEBUG DefaultListableBeanFactory:213 - Creating shared instance of singleton bean 'javaConfig'
2020-04-19 01:36:33 DEBUG DefaultListableBeanFactory:213 - Creating shared instance of singleton bean 'employeeDaoImpl'
2020-04-19 01:36:33 DEBUG DefaultListableBeanFactory:213 - Creating shared instance of singleton bean 'employeeServiceImpl'
